<?xml version="1.0" encoding="UTF-8"?>
<!-- Generated by org.testng.reporters.JUnitReportReporter -->
<testsuite hostname="TRAININGPC" name="com.test.LargestNumberTest" tests="1" failures="0" timestamp="12 Nov 2015 20:05:52 GMT" time="0.005" errors="0">
  <testcase name="getPositiveNumber" time="0.005" classname="com.test.LargestNumberTest"/>
</testsuite> <!-- com.test.LargestNumberTest -->
